<?xml version="1.0" encoding="UTF-8"?>
<testsuite name="TestNamedArguments" tests="1" skipped="0" failures="0" errors="0" timestamp="2022-06-27T11:52:25" hostname="Rajs-MacBook-Pro.local" time="0.022">
  <properties/>
  <testcase name="testJoinToString" classname="TestNamedArguments" time="0.022"/>
  <system-out><![CDATA[]]></system-out>
  <system-err><![CDATA[]]></system-err>
</testsuite>
